<?xml version="1.0" encoding="UTF-8"?>
<!-- Generated by org.testng.reporters.JUnitReportReporter -->
<testsuite hostname="KALAB01-E7440" name="SeleniumTest1.Test1Class" tests="1" failures="0" timestamp="29 Jan 2016 19:23:41 GMT" time="2.667" errors="0">
  <testcase name="testGooglePageTitleInIEBrowser" time="2.667" classname="SeleniumTest1.Test1Class"/>
</testsuite> <!-- SeleniumTest1.Test1Class -->
